<?xml version="1.0" encoding="UTF-8"?>
<!-- Generated by org.testng.reporters.JUnitReportReporter -->
<testsuite hostname="DESKTOP-JEK7HQM" failures="0" tests="3" name="com.ui.tests.LoginTest" time="21.979" errors="0" timestamp="2025-05-21T20:23:23 IST" skipped="1">
  <testcase classname="com.ui.tests.LoginTest" name="Logintest" time="6.778">
    <skipped/>
  </testcase> <!-- Logintest -->
  <testcase classname="com.ui.tests.LoginTest" name="Logintest" time="6.371"/>
  <testcase classname="com.ui.tests.LoginTest" name="Logintest" time="8.830"/>
</testsuite> <!-- com.ui.tests.LoginTest -->
