<?xml version="1.0" encoding="UTF-8"?>
<!-- Generated by org.testng.reporters.JUnitReportReporter -->
<testsuite hostname="DESKTOP-JEK7HQM" failures="0" tests="2" name="com.ui.tests.LoginTest" time="20.216" errors="0" timestamp="2025-05-21T19:34:00 IST" skipped="0">
  <testcase classname="com.ui.tests.LoginTest" name="Logintest" time="9.188"/>
  <testcase classname="com.ui.tests.LoginTest" name="Logintest" time="11.028"/>
</testsuite> <!-- com.ui.tests.LoginTest -->
