<?xml version="1.0" encoding="UTF-8"?>
<!-- Generated by org.testng.reporters.JUnitReportReporter -->
<testsuite hostname="DESKTOP-JEK7HQM" failures="0" tests="2" name="com.ui.tests.LoginTest" time="17.330" errors="0" timestamp="2025-05-18T12:14:17 IST" skipped="0">
  <testcase classname="com.ui.tests.LoginTest" name="Logintest" time="7.116"/>
  <testcase classname="com.ui.tests.LoginTest" name="Logintest" time="10.214"/>
</testsuite> <!-- com.ui.tests.LoginTest -->
